# JRE version: OpenJDK Runtime Environment (21.0.4) (build 21.0.4+-12508038-b607.1)
# Java VM: OpenJDK 64-Bit Server VM (21.0.4+-12508038-b607.1, mixed mode, tiered, compressed oops, compressed class ptrs, g1 gc, windows-amd64)
GC Precious Log:
 CardTable entry size: 512
 Card Set container configuration: InlinePtr #cards 5 size 8 Array Of Cards #cards 12 size 40 Howl #buckets 4 coarsen threshold 1843 Howl Bitmap #cards 512 size 80 coarsen threshold 460 Card regions per heap region 1 cards per card region 2048
 CPUs: 12 total, 12 available
 Memory: 24413M
 Large Page Support: Disabled
 NUMA Support: Disabled
 Compressed Oops: Enabled (32-bit)
 Heap Region Size: 1M
 Heap Min Capacity: 8M
 Heap Initial Capacity: 382M
 Heap Max Capacity: 2G
 Pre-touch: Disabled
 Parallel Workers: 10
 Concurrent Workers: 3
 Concurrent Refinement Workers: 10
 Periodic GC: Disabled
Heap:
 garbage-first heap   total 229376K, used 171311K [0x0000000080000000, 0x0000000100000000)
  region size 1024K, 44 young (45056K), 8 survivors (8192K)
 Metaspace       used 123182K, committed 125504K, reserved 1179648K
  class space    used 16817K, committed 17984K, reserved 1048576K
GC Heap History (20 events):
Event: 20.161 GC heap before
{Heap before GC invocations=24 (full 0):
 garbage-first heap   total 219136K, used 183168K [0x0000000080000000, 0x0000000100000000)
  region size 1024K, 98 young (100352K), 3 survivors (3072K)
 Metaspace       used 94349K, committed 96320K, reserved 1179648K
  class space    used 12664K, committed 13632K, reserved 1048576K
}
Event: 20.165 GC heap after
{Heap after GC invocations=25 (full 0):
 garbage-first heap   total 219136K, used 93129K [0x0000000080000000, 0x0000000100000000)
  region size 1024K, 10 young (10240K), 10 survivors (10240K)
 Metaspace       used 94349K, committed 96320K, reserved 1179648K
  class space    used 12664K, committed 13632K, reserved 1048576K
}
Event: 21.532 GC heap before
{Heap before GC invocations=25 (full 0):
 garbage-first heap   total 219136K, used 192457K [0x0000000080000000, 0x0000000100000000)
  region size 1024K, 107 young (109568K), 10 survivors (10240K)
 Metaspace       used 101640K, committed 103616K, reserved 1179648K
  class space    used 13823K, committed 14848K, reserved 1048576K
}
Event: 21.537 GC heap after
{Heap after GC invocations=26 (full 0):
 garbage-first heap   total 219136K, used 96172K [0x0000000080000000, 0x0000000100000000)
  region size 1024K, 11 young (11264K), 11 survivors (11264K)
 Metaspace       used 101640K, committed 103616K, reserved 1179648K
  class space    used 13823K, committed 14848K, reserved 1048576K
}
Event: 23.256 GC heap before
{Heap before GC invocations=26 (full 0):
 garbage-first heap   total 219136K, used 192428K [0x0000000080000000, 0x0000000100000000)
  region size 1024K, 105 young (107520K), 11 survivors (11264K)
 Metaspace       used 108790K, committed 110976K, reserved 1179648K
  class space    used 14842K, committed 15936K, reserved 1048576K
}
Event: 23.262 GC heap after
{Heap after GC invocations=27 (full 0):
 garbage-first heap   total 219136K, used 100956K [0x0000000080000000, 0x0000000100000000)
  region size 1024K, 11 young (11264K), 11 survivors (11264K)
 Metaspace       used 108790K, committed 110976K, reserved 1179648K
  class space    used 14842K, committed 15936K, reserved 1048576K
}
Event: 25.286 GC heap before
{Heap before GC invocations=27 (full 0):
 garbage-first heap   total 219136K, used 193116K [0x0000000080000000, 0x0000000100000000)
  region size 1024K, 102 young (104448K), 11 survivors (11264K)
 Metaspace       used 115966K, committed 118144K, reserved 1179648K
  class space    used 15852K, committed 16960K, reserved 1048576K
}
Event: 25.294 GC heap after
{Heap after GC invocations=28 (full 0):
 garbage-first heap   total 219136K, used 109064K [0x0000000080000000, 0x0000000100000000)
  region size 1024K, 13 young (13312K), 13 survivors (13312K)
 Metaspace       used 115966K, committed 118144K, reserved 1179648K
  class space    used 15852K, committed 16960K, reserved 1048576K
}
Event: 25.969 GC heap before
{Heap before GC invocations=29 (full 0):
 garbage-first heap   total 219136K, used 192008K [0x0000000080000000, 0x0000000100000000)
  region size 1024K, 95 young (97280K), 13 survivors (13312K)
 Metaspace       used 116487K, committed 118656K, reserved 1179648K
  class space    used 15932K, committed 17024K, reserved 1048576K
}
Event: 25.976 GC heap after
{Heap after GC invocations=30 (full 0):
 garbage-first heap   total 219136K, used 116271K [0x0000000080000000, 0x0000000100000000)
  region size 1024K, 8 young (8192K), 8 survivors (8192K)
 Metaspace       used 116487K, committed 118656K, reserved 1179648K
  class space    used 15932K, committed 17024K, reserved 1048576K
}
Event: 27.430 GC heap before
{Heap before GC invocations=30 (full 0):
 garbage-first heap   total 219136K, used 196143K [0x0000000080000000, 0x0000000100000000)
  region size 1024K, 87 young (89088K), 8 survivors (8192K)
 Metaspace       used 116962K, committed 119168K, reserved 1179648K
  class space    used 15990K, committed 17088K, reserved 1048576K
}
Event: 27.434 GC heap after
{Heap after GC invocations=31 (full 0):
 garbage-first heap   total 219136K, used 118724K [0x0000000080000000, 0x0000000100000000)
  region size 1024K, 7 young (7168K), 7 survivors (7168K)
 Metaspace       used 116962K, committed 119168K, reserved 1179648K
  class space    used 15990K, committed 17088K, reserved 1048576K
}
Event: 28.550 GC heap before
{Heap before GC invocations=31 (full 0):
 garbage-first heap   total 219136K, used 197572K [0x0000000080000000, 0x0000000100000000)
  region size 1024K, 85 young (87040K), 7 survivors (7168K)
 Metaspace       used 117152K, committed 119424K, reserved 1179648K
  class space    used 16010K, committed 17152K, reserved 1048576K
}
Event: 28.555 GC heap after
{Heap after GC invocations=32 (full 0):
 garbage-first heap   total 219136K, used 121316K [0x0000000080000000, 0x0000000100000000)
  region size 1024K, 9 young (9216K), 9 survivors (9216K)
 Metaspace       used 117152K, committed 119424K, reserved 1179648K
  class space    used 16010K, committed 17152K, reserved 1048576K
}
Event: 30.258 GC heap before
{Heap before GC invocations=33 (full 0):
 garbage-first heap   total 219136K, used 196068K [0x0000000080000000, 0x0000000100000000)
  region size 1024K, 83 young (84992K), 9 survivors (9216K)
 Metaspace       used 118270K, committed 120512K, reserved 1179648K
  class space    used 16213K, committed 17344K, reserved 1048576K
}
Event: 30.262 GC heap after
{Heap after GC invocations=34 (full 0):
 garbage-first heap   total 219136K, used 123370K [0x0000000080000000, 0x0000000100000000)
  region size 1024K, 8 young (8192K), 8 survivors (8192K)
 Metaspace       used 118270K, committed 120512K, reserved 1179648K
  class space    used 16213K, committed 17344K, reserved 1048576K
}
Event: 180.452 GC heap before
{Heap before GC invocations=34 (full 0):
 garbage-first heap   total 219136K, used 197098K [0x0000000080000000, 0x0000000100000000)
  region size 1024K, 80 young (81920K), 8 survivors (8192K)
 Metaspace       used 118711K, committed 120960K, reserved 1179648K
  class space    used 16222K, committed 17344K, reserved 1048576K
}
Event: 180.460 GC heap after
{Heap after GC invocations=35 (full 0):
 garbage-first heap   total 219136K, used 127557K [0x0000000080000000, 0x0000000100000000)
  region size 1024K, 10 young (10240K), 10 survivors (10240K)
 Metaspace       used 118711K, committed 120960K, reserved 1179648K
  class space    used 16222K, committed 17344K, reserved 1048576K
}
Event: 181.231 GC heap before
{Heap before GC invocations=35 (full 0):
 garbage-first heap   total 219136K, used 195141K [0x0000000080000000, 0x0000000100000000)
  region size 1024K, 77 young (78848K), 10 survivors (10240K)
 Metaspace       used 120583K, committed 122752K, reserved 1179648K
  class space    used 16448K, committed 17536K, reserved 1048576K
}
Event: 181.238 GC heap after
{Heap after GC invocations=36 (full 0):
 garbage-first heap   total 219136K, used 136495K [0x0000000080000000, 0x0000000100000000)
  region size 1024K, 8 young (8192K), 8 survivors (8192K)
 Metaspace       used 120583K, committed 122752K, reserved 1179648K
  class space    used 16448K, committed 17536K, reserved 1048576K
}

