# JRE version: OpenJDK Runtime Environment (21.0.4) (build 21.0.4+-12508038-b607.1)
# Java VM: OpenJDK 64-Bit Server VM (21.0.4+-12508038-b607.1, mixed mode, tiered, compressed oops, compressed class ptrs, g1 gc, windows-amd64)
GC Precious Log:
 CardTable entry size: 512
 Card Set container configuration: InlinePtr #cards 5 size 8 Array Of Cards #cards 12 size 40 Howl #buckets 4 coarsen threshold 1843 Howl Bitmap #cards 512 size 80 coarsen threshold 460 Card regions per heap region 1 cards per card region 2048
 CPUs: 12 total, 12 available
 Memory: 24413M
 Large Page Support: Disabled
 NUMA Support: Disabled
 Compressed Oops: Enabled (32-bit)
 Heap Region Size: 1M
 Heap Min Capacity: 8M
 Heap Initial Capacity: 382M
 Heap Max Capacity: 2G
 Pre-touch: Disabled
 Parallel Workers: 10
 Concurrent Workers: 3
 Concurrent Refinement Workers: 10
 Periodic GC: Disabled
Heap:
 garbage-first heap   total 227328K, used 199922K [0x0000000080000000, 0x0000000100000000)
  region size 1024K, 91 young (93184K), 10 survivors (10240K)
 Metaspace       used 115006K, committed 117312K, reserved 1179648K
  class space    used 15793K, committed 16960K, reserved 1048576K
GC Heap History (20 events):
Event: 7.310 GC heap before
{Heap before GC invocations=24 (full 0):
 garbage-first heap   total 177152K, used 149159K [0x0000000080000000, 0x0000000100000000)
  region size 1024K, 68 young (69632K), 4 survivors (4096K)
 Metaspace       used 88118K, committed 89984K, reserved 1179648K
  class space    used 11858K, committed 12800K, reserved 1048576K
}
Event: 7.314 GC heap after
{Heap after GC invocations=25 (full 0):
 garbage-first heap   total 177152K, used 86416K [0x0000000080000000, 0x0000000100000000)
  region size 1024K, 7 young (7168K), 7 survivors (7168K)
 Metaspace       used 88118K, committed 89984K, reserved 1179648K
  class space    used 11858K, committed 12800K, reserved 1048576K
}
Event: 7.757 GC heap before
{Heap before GC invocations=25 (full 0):
 garbage-first heap   total 177152K, used 150928K [0x0000000080000000, 0x0000000100000000)
  region size 1024K, 71 young (72704K), 7 survivors (7168K)
 Metaspace       used 91145K, committed 93056K, reserved 1179648K
  class space    used 12264K, committed 13248K, reserved 1048576K
}
Event: 7.761 GC heap after
{Heap after GC invocations=26 (full 0):
 garbage-first heap   total 177152K, used 91975K [0x0000000080000000, 0x0000000100000000)
  region size 1024K, 9 young (9216K), 9 survivors (9216K)
 Metaspace       used 91145K, committed 93056K, reserved 1179648K
  class space    used 12264K, committed 13248K, reserved 1048576K
}
Event: 8.384 GC heap before
{Heap before GC invocations=27 (full 0):
 garbage-first heap   total 177152K, used 155463K [0x0000000080000000, 0x0000000100000000)
  region size 1024K, 71 young (72704K), 9 survivors (9216K)
 Metaspace       used 96106K, committed 98048K, reserved 1179648K
  class space    used 13105K, committed 14080K, reserved 1048576K
}
Event: 8.389 GC heap after
{Heap after GC invocations=28 (full 0):
 garbage-first heap   total 177152K, used 94516K [0x0000000080000000, 0x0000000100000000)
  region size 1024K, 3 young (3072K), 3 survivors (3072K)
 Metaspace       used 96106K, committed 98048K, reserved 1179648K
  class space    used 13105K, committed 14080K, reserved 1048576K
}
Event: 8.880 GC heap before
{Heap before GC invocations=28 (full 0):
 garbage-first heap   total 177152K, used 158004K [0x0000000080000000, 0x0000000100000000)
  region size 1024K, 65 young (66560K), 3 survivors (3072K)
 Metaspace       used 100729K, committed 102784K, reserved 1179648K
  class space    used 13774K, committed 14784K, reserved 1048576K
}
Event: 8.884 GC heap after
{Heap after GC invocations=29 (full 0):
 garbage-first heap   total 177152K, used 97429K [0x0000000080000000, 0x0000000100000000)
  region size 1024K, 7 young (7168K), 7 survivors (7168K)
 Metaspace       used 100729K, committed 102784K, reserved 1179648K
  class space    used 13774K, committed 14784K, reserved 1048576K
}
Event: 9.316 GC heap before
{Heap before GC invocations=29 (full 0):
 garbage-first heap   total 177152K, used 158869K [0x0000000080000000, 0x0000000100000000)
  region size 1024K, 67 young (68608K), 7 survivors (7168K)
 Metaspace       used 106421K, committed 108544K, reserved 1179648K
  class space    used 14564K, committed 15616K, reserved 1048576K
}
Event: 9.321 GC heap after
{Heap after GC invocations=30 (full 0):
 garbage-first heap   total 177152K, used 100228K [0x0000000080000000, 0x0000000100000000)
  region size 1024K, 7 young (7168K), 7 survivors (7168K)
 Metaspace       used 106421K, committed 108544K, reserved 1179648K
  class space    used 14564K, committed 15616K, reserved 1048576K
}
Event: 9.885 GC heap before
{Heap before GC invocations=31 (full 0):
 garbage-first heap   total 177152K, used 158596K [0x0000000080000000, 0x0000000100000000)
  region size 1024K, 65 young (66560K), 7 survivors (7168K)
 Metaspace       used 109907K, committed 112000K, reserved 1179648K
  class space    used 15104K, committed 16192K, reserved 1048576K
}
Event: 9.891 GC heap after
{Heap after GC invocations=32 (full 0):
 garbage-first heap   total 177152K, used 106408K [0x0000000080000000, 0x0000000100000000)
  region size 1024K, 9 young (9216K), 9 survivors (9216K)
 Metaspace       used 109907K, committed 112000K, reserved 1179648K
  class space    used 15104K, committed 16192K, reserved 1048576K
}
Event: 10.074 GC heap before
{Heap before GC invocations=32 (full 0):
 garbage-first heap   total 177152K, used 157608K [0x0000000080000000, 0x0000000100000000)
  region size 1024K, 59 young (60416K), 9 survivors (9216K)
 Metaspace       used 110103K, committed 112256K, reserved 1179648K
  class space    used 15112K, committed 16192K, reserved 1048576K
}
Event: 10.080 GC heap after
{Heap after GC invocations=33 (full 0):
 garbage-first heap   total 177152K, used 110381K [0x0000000080000000, 0x0000000100000000)
  region size 1024K, 6 young (6144K), 6 survivors (6144K)
 Metaspace       used 110103K, committed 112256K, reserved 1179648K
  class space    used 15112K, committed 16192K, reserved 1048576K
}
Event: 10.397 GC heap before
{Heap before GC invocations=33 (full 0):
 garbage-first heap   total 177152K, used 158509K [0x0000000080000000, 0x0000000100000000)
  region size 1024K, 54 young (55296K), 6 survivors (6144K)
 Metaspace       used 110641K, committed 112768K, reserved 1179648K
  class space    used 15212K, committed 16320K, reserved 1048576K
}
Event: 10.401 GC heap after
{Heap after GC invocations=34 (full 0):
 garbage-first heap   total 177152K, used 113073K [0x0000000080000000, 0x0000000100000000)
  region size 1024K, 5 young (5120K), 5 survivors (5120K)
 Metaspace       used 110641K, committed 112768K, reserved 1179648K
  class space    used 15212K, committed 16320K, reserved 1048576K
}
Event: 10.553 GC heap before
{Heap before GC invocations=35 (full 0):
 garbage-first heap   total 189440K, used 160177K [0x0000000080000000, 0x0000000100000000)
  region size 1024K, 52 young (53248K), 5 survivors (5120K)
 Metaspace       used 110775K, committed 112896K, reserved 1179648K
  class space    used 15222K, committed 16320K, reserved 1048576K
}
Event: 10.557 GC heap after
{Heap after GC invocations=36 (full 0):
 garbage-first heap   total 227328K, used 115849K [0x0000000080000000, 0x0000000100000000)
  region size 1024K, 6 young (6144K), 6 survivors (6144K)
 Metaspace       used 110775K, committed 112896K, reserved 1179648K
  class space    used 15222K, committed 16320K, reserved 1048576K
}
Event: 11.083 GC heap before
{Heap before GC invocations=36 (full 0):
 garbage-first heap   total 227328K, used 202889K [0x0000000080000000, 0x0000000100000000)
  region size 1024K, 92 young (94208K), 6 survivors (6144K)
 Metaspace       used 114346K, committed 116544K, reserved 1179648K
  class space    used 15683K, committed 16832K, reserved 1048576K
}
Event: 11.092 GC heap after
{Heap after GC invocations=37 (full 0):
 garbage-first heap   total 227328K, used 119026K [0x0000000080000000, 0x0000000100000000)
  region size 1024K, 10 young (10240K), 10 survivors (10240K)
 Metaspace       used 114346K, committed 116544K, reserved 1179648K
  class space    used 15683K, committed 16832K, reserved 1048576K
}

